*** This is nuXmv 2.0.0 (compiled on Mon Oct 14 18:05:39 2019)
*** Copyright (c) 2014-2019, Fondazione Bruno Kessler
*** For more information on nuXmv see https://nuxmv.fbk.eu
*** or email to <nuxmv@list.fbk.eu>.
*** Please report bugs at https://nuxmv.fbk.eu/bugs
*** (click on "Login Anonymously" to access)
*** Alternatively write to <nuxmv@list.fbk.eu>.

*** This version of nuXmv is linked to NuSMV 2.6.0.
*** For more information on NuSMV see <http://nusmv.fbk.eu>
*** or email to <nusmv-users@list.fbk.eu>.
*** Copyright (C) 2010-2019, Fondazione Bruno Kessler

*** This version of nuXmv is linked to the CUDD library version 2.4.1
*** Copyright (c) 1995-2004, Regents of the University of Colorado

*** This version of nuXmv is linked to the MiniSat SAT solver. 
*** See http://minisat.se/MiniSat.html
*** Copyright (c) 2003-2006, Niklas Een, Niklas Sorensson
*** Copyright (c) 2007-2010, Niklas Sorensson

*** This version of nuXmv is linked to MathSAT
*** Copyright (C) 2009-2019 by Fondazione Bruno Kessler
*** Copyright (C) 2009-2019 by University of Trento and others
*** See http://mathsat.fbk.eu

nuXmv > nuXmv > -- no counterexample found with bound 0
-- no counterexample found with bound 1
-- no counterexample found with bound 2
-- no counterexample found with bound 3
-- no counterexample found with bound 4
-- specification !( F (board[4][1] = BoxOnGoal & board[4][2] = BoxOnGoal))    is false
-- as demonstrated by the following execution sequence
Trace Description: BMC Counterexample 
Trace Type: Counterexample 
  -> State: 1.1 <-
    board[0][0] = Wall
    board[0][1] = Wall
    board[0][2] = Wall
    board[0][3] = Wall
    board[1][0] = Wall
    board[1][1] = Floor
    board[1][2] = Keeper
    board[1][3] = Wall
    board[2][0] = Wall
    board[2][1] = Floor
    board[2][2] = Floor
    board[2][3] = Wall
    board[3][0] = Wall
    board[3][1] = Box
    board[3][2] = Box
    board[3][3] = Wall
    board[4][0] = Wall
    board[4][1] = Goal
    board[4][2] = Goal
    board[4][3] = Wall
    board[5][0] = Wall
    board[5][1] = Wall
    board[5][2] = Wall
    board[5][3] = Wall
    move = d
  -> State: 1.2 <-
    board[1][2] = Floor
    board[2][2] = Keeper
  -> State: 1.3 <-
    board[2][2] = Floor
    board[3][2] = Keeper
    board[4][2] = BoxOnGoal
    move = u
  -> State: 1.4 <-
    board[2][2] = Keeper
    board[3][2] = Floor
    move = l
  -> State: 1.5 <-
    board[2][1] = Keeper
    board[2][2] = Floor
    move = d
  -> State: 1.6 <-
    board[2][1] = Floor
    board[3][1] = Keeper
    board[4][1] = BoxOnGoal
nuXmv > 